<?xml version="1.0" encoding="UTF-8"?>
<!-- Generated by org.testng.reporters.JUnitReportReporter -->
<testsuite hostname="DESKTOP-BGGIK4K" failures="0" tests="1" name="com.amazon.qa.testcases.PasswordPageTest" time="21.789" errors="0" timestamp="2023-06-16T17:03:54 EDT" skipped="0">
  <testcase classname="com.amazon.qa.testcases.PasswordPageTest" name="enterPasswordTest" time="21.789"/>
</testsuite> <!-- com.amazon.qa.testcases.PasswordPageTest -->
