<?xml version="1.0" encoding="UTF-8"?>
<!-- Generated by org.testng.reporters.JUnitReportReporter -->
<testsuite hostname="DESKTOP-BGGIK4K" failures="0" tests="2" name="com.amazon.qa.testcases.EmailPageTest" time="27.262" errors="0" timestamp="2023-06-16T17:03:54 EDT" skipped="0">
  <testcase classname="com.amazon.qa.testcases.EmailPageTest" name="verifyEmailTitleTest" time="12.204"/>
  <testcase classname="com.amazon.qa.testcases.EmailPageTest" name="clickContinueTest" time="15.058"/>
</testsuite> <!-- com.amazon.qa.testcases.EmailPageTest -->
