<?xml version="1.0" encoding="UTF-8"?>
<!-- Generated by org.testng.reporters.JUnitReportReporter -->
<testsuite hostname="DESKTOP-BGGIK4K" failures="0" tests="4" name="com.amazon.qa.testcases.HomePageTest" time="60.377" errors="0" timestamp="2023-06-16T17:03:54 EDT" skipped="0">
  <testcase classname="com.amazon.qa.testcases.HomePageTest" name="logoTest" time="14.900"/>
  <testcase classname="com.amazon.qa.testcases.HomePageTest" name="verfiyTitleTest" time="10.967"/>
  <testcase classname="com.amazon.qa.testcases.HomePageTest" name="allDepartmentTest" time="17.607"/>
  <testcase classname="com.amazon.qa.testcases.HomePageTest" name="signInButtonTest" time="16.903"/>
</testsuite> <!-- com.amazon.qa.testcases.HomePageTest -->
